#
# There is insufficient memory for the Java Runtime Environment to continue.
# Native memory allocation (mmap) failed to map 536870912 bytes for G1 virtual space
# Possible reasons:
#   The system is out of physical RAM or swap space
#   The process is running with CompressedOops enabled, and the Java Heap may be blocking the growth of the native heap
# Possible solutions:
#   Reduce memory load on the system
#   Increase physical memory or swap space
#   Check if swap backing store is full
#   Decrease Java heap size (-Xmx/-Xms)
#   Decrease number of Java threads
#   Decrease Java thread stack sizes (-Xss)
#   Set larger code cache with -XX:ReservedCodeCacheSize=
#   JVM is running with Zero Based Compressed Oops mode in which the Java heap is
#     placed in the first 32GB address space. The Java Heap base address is the
#     maximum limit for the native heap growth. Please use -XX:HeapBaseMinAddress
#     to set the Java Heap base and to place the Java Heap above 32GB virtual address.
# This output file may be truncated or incomplete.
#
#  Out of Memory Error (os_windows.cpp:3548), pid=47388, tid=105904
#
# JRE version:  (17.0.5+8) (build )
# Java VM: OpenJDK 64-Bit Server VM (17.0.5+8-LTS, mixed mode, emulated-client, sharing, tiered, compressed oops, compressed class ptrs, g1 gc, windows-amd64)
# No core dump will be written. Minidumps are not enabled by default on client versions of Windows
#

---------------  S U M M A R Y ------------

Command Line: -XX:TieredStopAtLevel=1 -Dspring.output.ansi.enabled=always -Dcom.sun.management.jmxremote -Dspring.jmx.enabled=true -Dspring.liveBeansView.mbeanDomain -Dspring.application.admin.enabled=true -javaagent:F:\IntelliJ IDEA 2022.2.3\lib\idea_rt.jar=62575:F:\IntelliJ IDEA 2022.2.3\bin -Dfile.encoding=UTF-8 src.main

Host: Intel(R) Core(TM) i7-10750H CPU @ 2.60GHz, 12 cores, 31G,  Windows 11 , 64 bit Build 22621 (10.0.22621.1194)
Time: Thu Mar  2 13:01:03 2023 SE Asia Standard Time elapsed time: 0.010872 seconds (0d 0h 0m 0s)

---------------  T H R E A D  ---------------

Current thread (0x00000186215684a0):  JavaThread "Unknown thread" [_thread_in_vm, id=105904, stack(0x0000002edcf00000,0x0000002edd000000)]

Stack: [0x0000002edcf00000,0x0000002edd000000]
Native frames: (J=compiled Java code, j=interpreted, Vv=VM code, C=native code)
V  [jvm.dll+0x646e0a]
V  [jvm.dll+0x7f7f14]
V  [jvm.dll+0x7f96ce]
V  [jvm.dll+0x7f9d23]
V  [jvm.dll+0x234c98]
V  [jvm.dll+0x643d6a]
V  [jvm.dll+0x63849a]
V  [jvm.dll+0x2f2ed9]
V  [jvm.dll+0x2fa066]
V  [jvm.dll+0x345a2a]
V  [jvm.dll+0x345c6f]
V  [jvm.dll+0x2c9378]
V  [jvm.dll+0x2ca309]
V  [jvm.dll+0x7cb681]
V  [jvm.dll+0x352eb1]
V  [jvm.dll+0x7abb8e]
V  [jvm.dll+0x3ce293]
V  [jvm.dll+0x3cfc91]
C  [jli.dll+0x519f]
C  [ucrtbase.dll+0x29363]
C  [KERNEL32.DLL+0x126bd]
C  [ntdll.dll+0x5dfb8]


---------------  P R O C E S S  ---------------

Threads class SMR info:
_java_thread_list=0x00007fffe1a66758, length=0, elements={
}

Java Threads: ( => current thread )

Other Threads:
  0x000001863f290d10 GCTaskThread "GC Thread#0" [stack: 0x0000002edd000000,0x0000002edd100000] [id=42224]
  0x000001861f42df60 ConcurrentGCThread "G1 Main Marker" [stack: 0x0000002edd100000,0x0000002edd200000] [id=38764]
  0x000001861f42e970 ConcurrentGCThread "G1 Conc#0" [stack: 0x0000002edd200000,0x0000002edd300000] [id=76672]

[error occurred during error reporting (printing all threads), id 0xc0000005, EXCEPTION_ACCESS_VIOLATION (0xc0000005) at pc=0x00007fffe125a567]

VM state: not at safepoint (not fully initialized)

VM Mutex/Monitor currently owned by a thread:  ([mutex/lock_event])
[0x0000018621564ad0] Heap_lock - owner thread: 0x00000186215684a0

Heap address: 0x0000000602000000, size: 8160 MB, Compressed Oops mode: Zero based, Oop shift amount: 3

CDS archive(s) mapped at: [0x0000000000000000-0x0000000000000000-0x0000000000000000), size 0, SharedBaseAddress: 0x0000000800000000, ArchiveRelocationMode: 0.
Narrow klass base: 0x0000000000000000, Narrow klass shift: 0, Narrow klass range: 0x0

GC Precious Log:
<Empty>

Heap:
 garbage-first heap   total 0K, used 0K [0x0000000602000000, 0x0000000800000000)
  region size 4096K, 0 young (0K), 0 survivors (0K)

[error occurred during error reporting (printing heap information), id 0xc0000005, EXCEPTION_ACCESS_VIOLATION (0xc0000005) at pc=0x00007fffe161e739]

GC Heap History (0 events):
No events

Dll operation events (1 events):
Event: 0.007 Loaded shared library C:\Users\Thai Long\.jdks\corretto-17.0.5\bin\java.dll

Deoptimization events (0 events):
No events

Classes unloaded (0 events):
No events

Classes redefined (0 events):
No events

Internal exceptions (0 events):
No events

VM Operations (0 events):
No events

Events (0 events):
No events


Dynamic libraries:
0x00007ff663650000 - 0x00007ff66365d000 	C:\Users\Thai Long\.jdks\corretto-17.0.5\bin\java.exe
0x00007ff8597d0000 - 0x00007ff8599e4000 	C:\WINDOWS\SYSTEM32\ntdll.dll
0x00007ff8588f0000 - 0x00007ff8589b3000 	C:\WINDOWS\System32\KERNEL32.DLL
0x00007ff856e70000 - 0x00007ff85720c000 	C:\WINDOWS\System32\KERNELBASE.dll
0x00007ff857300000 - 0x00007ff857411000 	C:\WINDOWS\System32\ucrtbase.dll
0x00007ff83e250000 - 0x00007ff83e265000 	C:\Users\Thai Long\.jdks\corretto-17.0.5\bin\VCRUNTIME140.dll
0x00007ff83ee50000 - 0x00007ff83ee67000 	C:\Users\Thai Long\.jdks\corretto-17.0.5\bin\jli.dll
0x00007ff858270000 - 0x00007ff85841d000 	C:\WINDOWS\System32\USER32.dll
0x00007ff839890000 - 0x00007ff839b1e000 	C:\WINDOWS\WinSxS\amd64_microsoft.windows.common-controls_6595b64144ccf1df_6.0.22621.608_none_a9444ca7c10bb01d\COMCTL32.dll
0x00007ff856c10000 - 0x00007ff856c36000 	C:\WINDOWS\System32\win32u.dll
0x00007ff8589c0000 - 0x00007ff858a67000 	C:\WINDOWS\System32\msvcrt.dll
0x00007ff8577a0000 - 0x00007ff8577c9000 	C:\WINDOWS\System32\GDI32.dll
0x00007ff8574c0000 - 0x00007ff8575d2000 	C:\WINDOWS\System32\gdi32full.dll
0x00007ff857420000 - 0x00007ff8574ba000 	C:\WINDOWS\System32\msvcp_win.dll
0x00007ff858ef0000 - 0x00007ff858f22000 	C:\WINDOWS\System32\IMM32.DLL
0x00007fffe1ba0000 - 0x00007fffe1c3b000 	C:\Users\Thai Long\.jdks\corretto-17.0.5\bin\msvcp140.dll
0x00007fffe0f80000 - 0x00007fffe1b94000 	C:\Users\Thai Long\.jdks\corretto-17.0.5\bin\server\jvm.dll
0x00007ff858f30000 - 0x00007ff858fde000 	C:\WINDOWS\System32\ADVAPI32.dll
0x00007ff8596e0000 - 0x00007ff859784000 	C:\WINDOWS\System32\sechost.dll
0x00007ff859030000 - 0x00007ff859145000 	C:\WINDOWS\System32\RPCRT4.dll
0x00007ff84e320000 - 0x00007ff84e354000 	C:\WINDOWS\SYSTEM32\WINMM.dll
0x00007ff839780000 - 0x00007ff839789000 	C:\WINDOWS\SYSTEM32\WSOCK32.dll
0x00007ff8595a0000 - 0x00007ff859611000 	C:\WINDOWS\System32\WS2_32.dll
0x00007ff8477b0000 - 0x00007ff8477ba000 	C:\WINDOWS\SYSTEM32\VERSION.dll
0x00007ff855d10000 - 0x00007ff855d28000 	C:\WINDOWS\SYSTEM32\kernel.appcore.dll
0x00007ff83e030000 - 0x00007ff83e03a000 	C:\Users\Thai Long\.jdks\corretto-17.0.5\bin\jimage.dll
0x00007ff8550e0000 - 0x00007ff85530e000 	C:\WINDOWS\SYSTEM32\DBGHELP.DLL
0x00007ff859210000 - 0x00007ff85959a000 	C:\WINDOWS\System32\combase.dll
0x00007ff858070000 - 0x00007ff858147000 	C:\WINDOWS\System32\OLEAUT32.dll
0x00007ff83b1d0000 - 0x00007ff83b202000 	C:\WINDOWS\SYSTEM32\dbgcore.DLL
0x00007ff857210000 - 0x00007ff85728b000 	C:\WINDOWS\System32\bcryptPrimitives.dll
0x00007ff828490000 - 0x00007ff82849e000 	C:\Users\Thai Long\.jdks\corretto-17.0.5\bin\instrument.dll
0x00007ff8308b0000 - 0x00007ff8308d5000 	C:\Users\Thai Long\.jdks\corretto-17.0.5\bin\java.dll

dbghelp: loaded successfully - version: 4.0.5 - missing functions: none
symbol engine: initialized successfully - sym options: 0x614 - pdb path: .;C:\Users\Thai Long\.jdks\corretto-17.0.5\bin;C:\WINDOWS\SYSTEM32;C:\WINDOWS\WinSxS\amd64_microsoft.windows.common-controls_6595b64144ccf1df_6.0.22621.608_none_a9444ca7c10bb01d;C:\Users\Thai Long\.jdks\corretto-17.0.5\bin\server

VM Arguments:
jvm_args: -XX:TieredStopAtLevel=1 -Dspring.output.ansi.enabled=always -Dcom.sun.management.jmxremote -Dspring.jmx.enabled=true -Dspring.liveBeansView.mbeanDomain -Dspring.application.admin.enabled=true -javaagent:F:\IntelliJ IDEA 2022.2.3\lib\idea_rt.jar=62575:F:\IntelliJ IDEA 2022.2.3\bin -Dfile.encoding=UTF-8 
java_command: src.main
java_class_path (initial): F:\Code\Freelancer\target\classes;C:\Users\Thai Long\.m2\repository\org\modelmapper\modelmapper\2.4.4\modelmapper-2.4.4.jar;C:\Users\Thai Long\.m2\repository\org\springdoc\springdoc-openapi-starter-webmvc-ui\2.0.2\springdoc-openapi-starter-webmvc-ui-2.0.2.jar;C:\Users\Thai Long\.m2\repository\org\springframework\boot\spring-boot-starter-validation\3.0.0\spring-boot-starter-validation-3.0.0.jar;C:\Users\Thai Long\.m2\repository\org\springframework\boot\spring-boot-starter-data-jpa\3.0.0\spring-boot-starter-data-jpa-3.0.0.jar;C:\Users\Thai Long\.m2\repository\org\springframework\boot\spring-boot-devtools\3.0.0\spring-boot-devtools-3.0.0.jar;C:\Users\Thai Long\.m2\repository\org\postgresql\postgresql\42.5.1\postgresql-42.5.1.jar;C:\Users\Thai Long\.m2\repository\org\springframework\boot\spring-boot-configuration-processor\3.0.0\spring-boot-configuration-processor-3.0.0.jar;C:\Users\Thai Long\.m2\repository\org\projectlombok\lombok\1.18.24\lombok-1.18.24.jar;C:\Users\Thai Long\.m2\repository\mysql\mysql-connector-java\8.0.26\mysql-connector-java-8.0.26.jar;C:\Users\Thai Long\.m2\repository\org\springframework\boot\spring-boot-starter-web\3.0.0\spring-boot-starter-web-3.0.0.jar;C:\Users\Thai Long\.m2\repository\io\springfox\springfox-spi\3.0.0\springfox-spi-3.0.0.jar;C:\Users\Thai Long\.m2\repository\org\springdoc\springdoc-openapi-starter-webmvc-api\2.0.2\springdoc-openapi-starter-webmvc-api-2.0.2.jar;C:\Users\Thai Long\.m2\repository\org\webjars\swagger-ui\4.15.5\swagger-ui-4.15.5.jar;C:\Users\Thai Long\.m2\repository\org\webjars\webjars-locator-core\0.52\webjars-locator-core-0.52.jar;C:\Users\Thai Long\.m2\repository\io\github\classgraph\classgraph\4.8.149\classgraph-4.8.149.jar;C:\Users\Thai Long\.m2\repository\org\springframework\boot\spring-boot-starter\3.0.0\spring-boot-starter-3.0.0.jar;C:\Users\Thai Long\.m2\repository\org\apache\tomcat\embed\tomcat-embed-el\10.1.1\tomcat-embed-el-10.1.1.jar;C:\Users\Thai Long\.m2\repository\org\hibe
Launcher Type: SUN_STANDARD

[Global flags]
     intx CICompilerCount                          = 4                                         {product} {ergonomic}
     uint ConcGCThreads                            = 3                                         {product} {ergonomic}
     uint G1ConcRefinementThreads                  = 10                                        {product} {ergonomic}
   size_t G1HeapRegionSize                         = 4194304                                   {product} {ergonomic}
    uintx GCDrainStackTargetSize                   = 64                                        {product} {ergonomic}
   size_t InitialHeapSize                          = 536870912                                 {product} {ergonomic}
     bool ManagementServer                         = true                                      {product} {command line}
   size_t MarkStackSize                            = 4194304                                   {product} {ergonomic}
   size_t MaxHeapSize                              = 8556380160                                {product} {ergonomic}
   size_t MinHeapDeltaBytes                        = 4194304                                   {product} {ergonomic}
   size_t MinHeapSize                              = 8388608                                   {product} {ergonomic}
    uintx NonProfiledCodeHeapSize                  = 0                                      {pd product} {ergonomic}
     bool ProfileInterpreter                       = false                                  {pd product} {command line}
    uintx ProfiledCodeHeapSize                     = 0                                      {pd product} {ergonomic}
   size_t SoftMaxHeapSize                          = 8556380160                             {manageable} {ergonomic}
     intx TieredStopAtLevel                        = 1                                         {product} {command line}
     bool UseCompressedClassPointers               = true                           {product lp64_product} {ergonomic}
     bool UseCompressedOops                        = true                           {product lp64_product} {ergonomic}
     bool UseG1GC                                  = true                                      {product} {ergonomic}
     bool UseLargePagesIndividualAllocation        = false                                  {pd product} {ergonomic}

Logging:
Log output configuration:
 #0: stdout all=warning uptime,level,tags
 #1: stderr all=off uptime,level,tags

Environment Variables:
PATH=C:\Program Files (x86)\Common Files\Oracle\Java\javapath;C:\ProgramData\Oracle\Java\javapath;C:\Python310\Scripts\;C:\Python310\;C:\Windows\system32;C:\Windows;C:\Windows\System32\Wbem;C:\Windows\System32\WindowsPowerShell\v1.0\;C:\Windows\System32\OpenSSH\;C:\Program Files\Cloudflare\Cloudflare WARP;C:\Program Files\Microsoft SQL Server\150\Tools\Binn\;C:\Program Files\Microsoft SQL Server\Client SDK\ODBC\170\Tools\Binn\;C:\Program Files\dotnet\;C:\Program Files (x86)\Microsoft SQL Server\150\Tools\Binn\;C:\Program Files\Microsoft SQL Server\150\DTS\Binn\;C:\Program Files\Git\cmd;C:\ProgramData\chocolatey\bin;C:\Program Files\Cloudflare\Cloudflare WARP\;C:\Program Files\Docker\Docker\resources\bin;C:\ProgramData\DockerDesktop\version-bin;C:\Program Files\MySQL\MySQL Server 8.0\bin;C:\Users\Thai Long\AppData\Roaming\nvm;C:\Program Files\nodejs;C:\Program Files (x86)\NVIDIA Corporation\PhysX\Common;C:\WINDOWS\system32;C:\WINDOWS;C:\WINDOWS\System32\Wbem;C:\WINDOWS\System32\WindowsPowerShell\v1.0\;C:\WINDOWS\System32\OpenSSH\;F:\Script;C:\Program Files\MySQL\MySQL Shell 8.0\bin\;C:\Users\Thai Long\AppData\Local\Microsoft\WindowsApps;C:\Users\Thai Long\AppData\Local\Programs\Microsoft VS Code\bin;C:\Users\Thai Long\.dotnet\tools;C:\Program Files\Azure Data Studio\bin;C:\Users\Thai Long\.dotnet\tools;C:\Users\Thai Long\AppData\Local\Programs\oh-my-posh\bin;C:\Users\Thai Long\AppData\Local\GitHubDesktop\bin;C:\Users\Thai Long\AppData\Roaming\npm;C:\ProgramData\chocolatey\lib\mingw\tools\install\mingw64\bin;C:\Program Files\MySQL\MySQL Server 8.0\bin;D:\Sequlize\apache-maven-3.8.6-bin\apache-maven-3.8.6\bin;C:\MinGW;C:\Users\Thai Long\AppData\Roaming\nvm;C:\Program Files\nodejs;C:\Users\Thai Long\AppData\Local\Microsoft\WindowsApps;F:\flutter\bin;F:\Script;F:\nvim-win64\bin;
USERNAME=Thai Long
OS=Windows_NT
PROCESSOR_IDENTIFIER=Intel64 Family 6 Model 165 Stepping 2, GenuineIntel
TMP=C:\Users\THAILO~1\AppData\Local\Temp
TEMP=C:\Users\THAILO~1\AppData\Local\Temp



---------------  S Y S T E M  ---------------

OS:
 Windows 11 , 64 bit Build 22621 (10.0.22621.1194)
OS uptime: 1 days 18:02 hours
Hyper-V role detected

CPU: total 12 (initial active 12) (6 cores per cpu, 2 threads per core) family 6 model 165 stepping 2 microcode 0xea, cx8, cmov, fxsr, ht, mmx, 3dnowpref, sse, sse2, sse3, ssse3, sse4.1, sse4.2, popcnt, lzcnt, tsc, tscinvbit, avx, avx2, aes, erms, clmul, bmi1, bmi2, adx, fma, vzeroupper, clflush, clflushopt, hv

Memory: 4k page, system-wide physical 32635M (2684M free)
TotalPageFile size 60133M (AvailPageFile size 393M)
current process WorkingSet (physical memory assigned to process): 11M, peak: 11M
current process commit charge ("private bytes"): 59M, peak: 571M

vm_info: OpenJDK 64-Bit Server VM (17.0.5+8-LTS) for windows-amd64 JRE (17.0.5+8-LTS), built on Oct 13 2022 05:18:14 by "Administrator" with MS VC++ 15.9 (VS2017)

END.
